<?xml version="1.0" encoding="UTF-8"?>
<testng-results ignored="0" total="1" passed="1" failed="0" skipped="0">
  <reporter-output>
  </reporter-output>
  <suite started-at="2025-05-09T10:01:25 WIB" name="Cucumber Suite" finished-at="2025-05-09T10:01:35 WIB" duration-ms="9873">
    <groups>
      <group name="cucumber">
        <method signature="AbstractTestNGCucumberTests.runScenario(io.cucumber.testng.PickleWrapper,io.cucumber.testng.FeatureWrapper)[pri:0, instance:runners.TestNGCucumberRunner@6a2f6f80]" name="runScenario" class="io.cucumber.testng.AbstractTestNGCucumberTests"/>
      </group> <!-- cucumber -->
    </groups>
    <test started-at="2025-05-09T10:01:25 WIB" name="Cucumber Tests" finished-at="2025-05-09T10:01:35 WIB" duration-ms="9873">
      <class name="runners.TestNGCucumberRunner">
        <test-method is-config="true" signature="setUpClass(org.testng.ITestContext)[pri:0, instance:runners.TestNGCucumberRunner@6a2f6f80]" started-at="2025-05-09T10:01:25 WIB" name="setUpClass" finished-at="2025-05-09T10:01:26 WIB" duration-ms="159" status="PASS">
          <params>
            <param index="0">
              <value>
                <![CDATA[org.testng.TestRunner@4efc180e]]>
              </value>
            </param>
          </params>
          <reporter-output>
          </reporter-output>
        </test-method> <!-- setUpClass -->
        <test-method signature="runScenario(io.cucumber.testng.PickleWrapper,io.cucumber.testng.FeatureWrapper)[pri:0, instance:runners.TestNGCucumberRunner@6a2f6f80]" started-at="2025-05-09T10:01:26 WIB" name="runScenario" description="Runs Cucumber Scenarios" data-provider="scenarios" finished-at="2025-05-09T10:01:35 WIB" duration-ms="9700" status="PASS">
          <params>
            <param index="0">
              <value>
                <![CDATA["Filing an Existing Record to the Same Folder"]]>
              </value>
            </param>
            <param index="1">
              <value>
                <![CDATA["File Electronic Record"]]>
              </value>
            </param>
          </params>
          <reporter-output>
          </reporter-output>
        </test-method> <!-- runScenario -->
        <test-method is-config="true" signature="tearDownClass()[pri:0, instance:runners.TestNGCucumberRunner@6a2f6f80]" started-at="2025-05-09T10:01:35 WIB" name="tearDownClass" finished-at="2025-05-09T10:01:35 WIB" duration-ms="1" status="PASS">
          <reporter-output>
          </reporter-output>
        </test-method> <!-- tearDownClass -->
      </class> <!-- runners.TestNGCucumberRunner -->
    </test> <!-- Cucumber Tests -->
  </suite> <!-- Cucumber Suite -->
</testng-results>
