<?xml version="1.0" encoding="UTF-8"?>
<testsuite xmlns:xsi="http://www.w3.org/2001/XMLSchema-instance" xsi:noNamespaceSchemaLocation="https://maven.apache.org/surefire/maven-surefire-plugin/xsd/surefire-test-report-3.0.xsd" version="3.0" name="TestSuite" time="10.087" tests="1" errors="0" skipped="0" failures="0">
  <properties>
[...]
</properties>
  <testcase name="runScenario[&quot;Filing an Existing Record to the Same Folder&quot;, &quot;File Electronic Record&quot;](1)" classname="runners.TestNGCucumberRunner" time="9.7">
    <system-out><![CDATA[10:01:25.845 [main] DEBUG org.testng.TestNG -- suiteXmlPath: "/Users/yafi/Yafi/yafi's project/krisdemo/testng.xml"
Screenshots folder cleaned.

@smoke @positive
Scenario: Filing an Existing Record to the Same Folder                                                                      # src/test/resources/features/FileElectronicRecord.feature:24
10:01:26.345 [TestNG-test-Cucumber Tests-1] DEBUG io.github.bonigarcia.wdm.WebDriverManager -- Using WebDriverManager 6.1.0
10:01:26.495 [TestNG-test-Cucumber Tests-1] DEBUG io.github.bonigarcia.wdm.cache.ResolutionCache -- Resolution chrome=136 in cache (valid until 10:41:35 09/05/2025 WIB)
10:01:26.496 [TestNG-test-Cucumber Tests-1] DEBUG io.github.bonigarcia.wdm.cache.ResolutionCache -- Resolution chrome136=136.0.7103.92 in cache (valid until 07:09:08 10/05/2025 WIB)
10:01:26.496 [TestNG-test-Cucumber Tests-1] INFO io.github.bonigarcia.wdm.WebDriverManager -- Using chromedriver 136.0.7103.92 (resolved driver for Chrome 136)
10:01:26.501 [TestNG-test-Cucumber Tests-1] DEBUG io.github.bonigarcia.wdm.WebDriverManager -- Driver chromedriver 136.0.7103.92 found in cache
10:01:26.502 [TestNG-test-Cucumber Tests-1] INFO io.github.bonigarcia.wdm.WebDriverManager -- Exporting webdriver.chrome.driver as /Users/yafi/.cache/selenium/chromedriver/mac-arm64/136.0.7103.92/chromedriver
10:01:27.745 [TestNG-test-Cucumber Tests-1] INFO drivers.DriverManager -- Launching browser: chrome, headless: false
  Given I am successfully logged in with user "file electronic record user"                                                 # stepDefinitions.LoginSteps.i_am_sufccessfully_logged_in_with_user(java.lang.String)
  And I click New Document button at Dashboard Page                                                                         # stepDefinitions.DashboardSteps.i_click_button_at_dashboard_page()
  And I click Electronic Document button at New Document list                                                               # stepDefinitions.DashboardSteps.i_click_electronic_button_at_document_list()
  And I select "Default" document template at File Electronic Record page                                                   # stepDefinitions.FileElectronicRecordSteps.i_select_document_template(java.lang.String)
  And I select folder "QA TECHNICAL TEST-ELECTRONIC FOLDER"                                                                 # stepDefinitions.FileElectronicRecordSteps.i_select_folder(java.lang.String)
  And I successfully landed to File Electronic Record page                                                                  # stepDefinitions.FileElectronicRecordSteps.i_successfully_landed_to_file_electronic_record_page()
File copied to: /Users/yafi/Yafi/yafi's project/krisdemo/src/test/resources/test-data/files/sample_20250509_100133_826.pdf
  And I upload "existing" document "sample.pdf"                                                                             # stepDefinitions.FileElectronicRecordSteps.i_upload_new_document(java.lang.String,java.lang.String)
  And I fill keywords with "Details Keywords"                                                                               # stepDefinitions.FileElectronicRecordSteps.i_fill_keywords_with_text(java.lang.String)
  And I click element with text "Save"                                                                                      # stepDefinitions.CommonSteps.i_click_button(java.lang.String)
  Then Assert that dialog message equal with "Record upload failure. The record already exists in the same file reference." # stepDefinitions.FileElectronicRecordSteps.assert_dialog_message(java.lang.String)
10:01:35.702 [TestNG-test-Cucumber Tests-1] INFO drivers.DriverManager -- Quitting browser...
]]></system-out>
    <system-err><![CDATA[May 09, 2025 10:01:27 AM org.openqa.selenium.devtools.CdpVersionFinder findNearestMatch
WARNING: Unable to find an exact match for CDP version 136, returning the closest version; found: 135; Please update to a Selenium version that supports CDP version 136
]]></system-err>
  </testcase>
</testsuite>